<?xml version="1.0" encoding="UTF-8"?>
<!-- Generated by org.testng.reporters.JUnitReportReporter -->
<testsuite hostname="XTTD-2020DZRAYN" name="platformmanage.PhoneRelease" tests="1" failures="0" timestamp="7 Apr 2020 02:06:32 GMT" time="12.960" errors="0">
  <testcase name="QiYeGuanXiGuanLi" time="12.960" classname="platformmanage.PhoneRelease"/>
</testsuite> <!-- platformmanage.PhoneRelease -->
