<?xml version="1.0" encoding="UTF-8"?>
<!-- Generated by org.testng.reporters.JUnitReportReporter -->
<testsuite hostname="LAPTOP-5672QU0D" name="MobileCity.MobileCity.NewTest" tests="1" failures="0" timestamp="10 Feb 2020 08:00:19 GMT" time="0.005" errors="0">
  <testcase name="f" time="0.005" classname="MobileCity.MobileCity.NewTest"/>
</testsuite> <!-- MobileCity.MobileCity.NewTest -->
