<?xml version="1.0" encoding="UTF-8"?>
<!-- Generated by org.testng.reporters.JUnitReportReporter -->
<testsuite hostname="NBL95VX4HAZOVHR" name="com.accp.AppTest" tests="1" failures="0" timestamp="21 Apr 2020 03:01:04 GMT" time="15.299" errors="0">
  <testcase name="shouldAnswerWithTrue" time="15.299" classname="com.accp.AppTest"/>
</testsuite> <!-- com.accp.AppTest -->
