<?xml version="1.0" encoding="UTF-8"?>
<!-- Generated by org.testng.reporters.JUnitReportReporter -->
<testsuite hostname="LAPTOP-5672QU0D" name="selenium.Roler" tests="1" failures="0" timestamp="30 Jul 2019 04:22:03 GMT" time="10.346" errors="0">
  <testcase name="RoleTabulation" time="10.346" classname="selenium.Roler"/>
</testsuite> <!-- selenium.Roler -->
