<?xml version="1.0" encoding="UTF-8"?>
<!-- Generated by org.testng.reporters.JUnitReportReporter -->
<testsuite hostname="XTTD-2020DZRAYN" name="YunXiao.Login" tests="1" failures="0" timestamp="16 Mar 2020 12:33:04 GMT" time="22.243" errors="0">
  <testcase name="login" time="22.243" classname="YunXiao.Login"/>
</testsuite> <!-- YunXiao.Login -->
