<?xml version="1.0" encoding="UTF-8"?>
<!-- Generated by org.testng.reporters.JUnitReportReporter -->
<testsuite hostname="LAPTOP-5672QU0D" name="MobileCity.MobileCity.Login" tests="1" failures="0" timestamp="10 Feb 2020 08:00:19 GMT" time="8.340" errors="0">
  <testcase name="login" time="8.340" classname="MobileCity.MobileCity.Login"/>
</testsuite> <!-- MobileCity.MobileCity.Login -->
