<?xml version="1.0" encoding="UTF-8"?>
<!-- Generated by org.testng.reporters.JUnitReportReporter -->
<testsuite hostname="LAPTOP-5672QU0D" name="selenium.Administrator" tests="1" failures="0" timestamp="30 Jul 2019 04:22:03 GMT" time="10.364" errors="0">
  <testcase name="AdministratorTabulation" time="10.364" classname="selenium.Administrator"/>
</testsuite> <!-- selenium.Administrator -->
