<?xml version="1.0" encoding="UTF-8"?>
<!-- Generated by org.testng.reporters.JUnitReportReporter -->
<testsuite hostname="XTTD-2020DZRAYN" name="TestCase.Login" tests="1" failures="0" timestamp="7 Apr 2020 02:06:32 GMT" time="21.972" errors="0">
  <testcase name="login" time="21.972" classname="TestCase.Login"/>
</testsuite> <!-- TestCase.Login -->
