<?xml version="1.0" encoding="UTF-8"?>
<!-- Generated by org.testng.reporters.JUnitReportReporter -->
<testsuite hostname="XTTD-2020DZRAYN" name="platformmanage.JobNoOfWhiteList" tests="1" failures="0" timestamp="7 Apr 2020 02:06:32 GMT" time="15.800" errors="0">
  <testcase name="GongHaoBaiMingDan" time="15.800" classname="platformmanage.JobNoOfWhiteList"/>
</testsuite> <!-- platformmanage.JobNoOfWhiteList -->
