<?xml version="1.0" encoding="UTF-8"?>
<!-- Generated by org.testng.reporters.JUnitReportReporter -->
<testsuite hostname="XTTD-2020DZRAYN" name="channelmanagement.SalesStaffCreditInformation" tests="1" failures="0" timestamp="7 Apr 2020 02:06:32 GMT" time="10.281" errors="0">
  <testcase name="XiaoShouJiFen" time="10.281" classname="channelmanagement.SalesStaffCreditInformation"/>
</testsuite> <!-- channelmanagement.SalesStaffCreditInformation -->
