<?xml version="1.0" encoding="UTF-8"?>
<!-- Generated by org.testng.reporters.JUnitReportReporter -->
<testsuite hostname="XTTD-2020DZRAYN" name="platformmanage.ShoppingMallDirectory" tests="1" failures="0" timestamp="7 Apr 2020 02:06:32 GMT" time="9.602" errors="0">
  <testcase name="ShangChenMuLu" time="9.602" classname="platformmanage.ShoppingMallDirectory"/>
</testsuite> <!-- platformmanage.ShoppingMallDirectory -->
