<?xml version="1.0" encoding="UTF-8"?>
<!-- Generated by org.testng.reporters.JUnitReportReporter -->
<testsuite hostname="XTTD-2020DZRAYN" name="businessmanager.ListOfItemsOnSale" tests="1" failures="0" timestamp="7 Apr 2020 02:06:32 GMT" time="10.307" errors="0">
  <testcase name="OnsaleList" time="10.307" classname="businessmanager.ListOfItemsOnSale"/>
</testsuite> <!-- businessmanager.ListOfItemsOnSale -->
