<?xml version="1.0" encoding="UTF-8"?>
<!-- Generated by org.testng.reporters.JUnitReportReporter -->
<testsuite hostname="XTTD-2020DZRAYN" name="platformmanage.BusinessLists" tests="1" failures="0" timestamp="7 Apr 2020 02:06:32 GMT" time="6.132" errors="0">
  <testcase name="qiyeliebiao" time="6.132" classname="platformmanage.BusinessLists"/>
</testsuite> <!-- platformmanage.BusinessLists -->
