<?xml version="1.0" encoding="UTF-8"?>
<!-- Generated by org.testng.reporters.JUnitReportReporter -->
<testsuite hostname="NBL95VX4HAZOVHR" name="com.accp.AppTest" tests="1" failures="0" timestamp="22 Apr 2020 02:19:04 GMT" time="297.159" errors="0">
  <testcase name="shouldAnswerWithTrue" time="297.159" classname="com.accp.AppTest"/>
</testsuite> <!-- com.accp.AppTest -->
